<?xml version="1.0" encoding="UTF-8"?>
<!-- Generated by org.testng.reporters.JUnitReportReporter -->
<testsuite skipped="0" hostname="LAPTOP-6DPU4JM3" name="automationTestcases.TC_003_Registration_TextBoxes" tests="1" failures="0" timestamp="14 Oct 2020 17:47:19 GMT" time="7.459" errors="0">
  <testcase name="tc001" time="7.459" classname="automationTestcases.TC_003_Registration_TextBoxes"/>
</testsuite> <!-- automationTestcases.TC_003_Registration_TextBoxes -->
