<?xml version="1.0" encoding="UTF-8"?>
<!-- Generated by org.testng.reporters.JUnitReportReporter -->
<testsuite skipped="0" hostname="LAPTOP-6DPU4JM3" name="automationTestcases.TC_008_Facebook_Login_Keyboard_Single_Key" tests="1" failures="0" timestamp="14 Oct 2020 17:47:19 GMT" time="14.706" errors="0">
  <testcase name="tc001" time="14.706" classname="automationTestcases.TC_008_Facebook_Login_Keyboard_Single_Key"/>
</testsuite> <!-- automationTestcases.TC_008_Facebook_Login_Keyboard_Single_Key -->
