<?xml version="1.0" encoding="UTF-8"?>
<!-- Generated by org.testng.reporters.JUnitReportReporter -->
<testsuite skipped="0" hostname="LAPTOP-6DPU4JM3" name="automationTestcases.TC_001_Registration_Functionality" tests="1" failures="0" timestamp="14 Oct 2020 17:47:19 GMT" time="8.322" errors="0">
  <testcase name="tc001" time="8.322" classname="automationTestcases.TC_001_Registration_Functionality"/>
</testsuite> <!-- automationTestcases.TC_001_Registration_Functionality -->
