<?xml version="1.0" encoding="UTF-8"?>
<!-- Generated by org.testng.reporters.JUnitReportReporter -->
<testsuite skipped="0" hostname="LAPTOP-6DPU4JM3" name="automationTestcases.TC_005_Registration_Radio_Button" tests="1" failures="0" timestamp="14 Oct 2020 17:47:19 GMT" time="7.127" errors="0">
  <testcase name="tc001" time="7.127" classname="automationTestcases.TC_005_Registration_Radio_Button"/>
</testsuite> <!-- automationTestcases.TC_005_Registration_Radio_Button -->
