<?xml version="1.0" encoding="UTF-8"?>
<!-- Generated by org.testng.reporters.JUnitReportReporter -->
<testsuite skipped="0" hostname="LAPTOP-6DPU4JM3" name="automationTestcases.TC_013_Registration_DropDown_List" tests="1" failures="0" timestamp="14 Oct 2020 17:47:19 GMT" time="15.331" errors="0">
  <testcase name="tc001" time="15.331" classname="automationTestcases.TC_013_Registration_DropDown_List"/>
</testsuite> <!-- automationTestcases.TC_013_Registration_DropDown_List -->
