<?xml version="1.0" encoding="UTF-8"?>
<!-- Generated by org.testng.reporters.JUnitReportReporter -->
<testsuite skipped="0" hostname="LAPTOP-6DPU4JM3" name="automationTestcases.TC_001_Registration_Fuanctionality" tests="1" failures="0" timestamp="23 Sep 2020 00:16:30 GMT" time="8.346" errors="0">
  <testcase name="tc001" time="8.346" classname="automationTestcases.TC_001_Registration_Fuanctionality"/>
</testsuite> <!-- automationTestcases.TC_001_Registration_Fuanctionality -->
